<?xml version="1.0" encoding="UTF-8"?>
<!-- Generated by org.testng.reporters.JUnitReportReporter -->
<testsuite hostname="Aiman" failures="0" tests="3" name="com.testng.TestNgexample" time="0.011" errors="0" timestamp="17 Aug 2020 02:12:35 GMT" skipped="0">
  <testcase classname="com.testng.TestNgexample" name="test3" time="0.009"/>
  <testcase classname="com.testng.TestNgexample" name="test1" time="0.002"/>
  <testcase classname="com.testng.TestNgexample" name="test2" time="0.000"/>
</testsuite> <!-- com.testng.TestNgexample -->
